Activak Flutter/build/app/outputs/mapping/release/seeds.txt
com.activak.activakmagazijn.MainActivity
com.activak.activakmagazijn.MainActivity: MainActivity()
...
io.flutter.plugin.editing.TextInputPlugin$InputTarget$Type: io.flutter.plugin.editing.TextInputPlugin$InputTarget$Type valueOf(java.lang.String)
com.google.android.material.snackbar.BaseTransientBottomBar$SnackbarBaseLayout: void setBackgroundTintList(android.content.res.ColorStateList)
com.google.android.gms.internal.firebase-auth-api.zzus: void zza(com.google.android.gms.internal.firebase-auth-api.zzus,com.google.android.gms.internal.firebase-auth-api.zzuk)
com.google.android.gms.internal.vision.zzih: int zza()
com.google.android.gms.internal.fido.zzay: int hashCode()
com.google.android.gms.internal.firebase-auth-api.zzhk: void zza(int[])
com.google.android.gms.internal.vision.zzdt: boolean contains(java.lang.Object)
kotlinx.coroutines.android.AndroidExceptionPreHandler: void handleException(kotlin.coroutines.CoroutineContext,java.lang.Throwable)
com.google.android.gms.internal.clearcut.zzaz: void addBoolean(boolean)
com.google.android.gms.internal.firebase-auth-api.zzale: int zzd(int,java.util.List,boolean)
com.google.android.gms.internal.firebase-auth-api.zzaii: void zzb(boolean)
com.google.android.recaptcha.internal.zzdg: void zza(int,com.google.android.recaptcha.internal.zzcj,com.google.android.recaptcha.internal.zzpq[])
com.google.android.gms.internal.firebase-auth-api.zzyl: void zza(java.lang.String,com.google.android.gms.internal.firebase-auth-api.zzacf)
com.google.android.gms.internal.clearcut.zzfd: boolean zzeg()
com.google.android.gms.internal.firebase-auth-api.zzako: java.lang.Object zza(java.lang.Object,int)
com.google.android.gms.internal.firebase-auth-api.zzuf: zzuf()
com.google.android.gms.internal.clearcut.zzt$zza$zzc: int zzc()
com.google.android.gms.internal.firebase-auth-api.zzox: java.lang.Object zza(com.google.android.gms.internal.firebase-auth-api.zzch,java.lang.Class)
com.google.android.gms.internal.base.zai: void setColorFilter(android.graphics.ColorFilter)
com.google.firebase.perf.util.Constants$CounterNames: com.google.firebase.perf.util.Constants$CounterNames[] values()
com.google.android.material.button.MaterialButton: android.content.res.ColorStateList getBackgroundTintList()
com.google.android.gms.internal.firebase-auth-api.zzyt: void zza(java.lang.Object)
com.google.android.gms.internal.firebase-auth-api.zzjx: int hashCode()
com.google.android.gms.internal.clearcut.zzk: int zza(byte[],int)
com.google.android.recaptcha.internal.zzhc: boolean zzD()
com.google.android.gms.internal.firebase-auth-api.zzago: com.google.android.gms.internal.firebase-auth-api.zzagi zzb(java.lang.String)
com.google.android.gms.internal.firebase-auth-api.zzus$zza: zzus$zza()
com.google.android.gms.tasks.zzw: zzw()
com.google.android.recaptcha.internal.zzhy: void removeRange(int,int)
com.google.android.gms.internal.firebase-auth-api.zzald: java.lang.String zzr()
com.google.android.play.core.integrity.e: boolean equals(java.lang.Object)
com.google.firebase.remoteconfig.ConfigUpdate: ConfigUpdate()
com.google.firebase.firestore.core.DocumentViewChange$Type: com.google.firebase.firestore.core.DocumentViewChange$Type valueOf(java.lang.String)
com.google.android.gms.internal.firebase-auth-api.zzaii$zzc: void zzd(int,com.google.android.gms.internal.firebase-auth-api.zzahm)
com.google.android.recaptcha.internal.zzft: int hashCode()
okhttp3.Dispatcher: Dispatcher()
com.google.android.gms.internal.firebase-auth-api.zzzw: zzzw(com.google.android.gms.internal.firebase-auth-api.zzyl,com.google.android.gms.internal.firebase-auth-api.zzacf)
com.google.android.gms.internal.auth.zzcz: com.google.android.gms.internal.auth.zzcz zza()
com.google.android.gms.internal.auth.zzbu: com.google.android.gms.auth.api.proxy.ProxyResponse getResponse()
io.flutter.plugin.editing.ImeSyncDeferringInsetsCallback: android.view.WindowInsets access$602(io.flutter.plugin.editing.ImeSyncDeferringInsetsCallback,android.view.WindowInsets)
com.google.android.material.card.MaterialCardView: void setPreventCornerOverlap(boolean)