Activak Flutter/build/app/outputs/mapping/release/usage.txt
com.activak.activakmagazijn.BuildConfig
com.activak.activakmagazijn.R$anim
com.activak.activakmagazijn.R$animator
com.activak.activakmagazijn.R$attr
com.activak.activakmagazijn.R$bool
com.activak.activakmagazijn.R$color
com.activak.activakmagazijn.R$dimen
com.activak.activakmagazijn.R$drawable
com.activak.activakmagazijn.R$id
com.activak.activakmagazijn.R$integer
com.activak.activakmagazijn.R$interpolator
com.activak.activakmagazijn.R$layout
com.activak.activakmagazijn.R$mipmap
com.activak.activakmagazijn.R$plurals
com.activak.activakmagazijn.R$raw
com.activak.activakmagazijn.R$string
com.activak.activakmagazijn.R$style
com.activak.activakmagazijn.R$styleable
com.activak.activakmagazijn.R$xml
com.activak.activakmagazijn.R
...
androidx.viewpager2.widget.ViewPager2$SmoothScrollToPosition
androidx.viewpager2.widget.ViewPager2
com.aboutyou.dart_packages.sign_in_with_apple.BuildConfig
com.aboutyou.dart_packages.sign_in_with_apple.R$attr
com.aboutyou.dart_packages.sign_in_with_apple.R$color
com.aboutyou.dart_packages.sign_in_with_apple.R$dimen
com.aboutyou.dart_packages.sign_in_with_apple.R$drawable
com.aboutyou.dart_packages.sign_in_with_apple.R$id
com.aboutyou.dart_packages.sign_in_with_apple.R$integer
com.aboutyou.dart_packages.sign_in_with_apple.R$layout
com.aboutyou.dart_packages.sign_in_with_apple.R$string
com.aboutyou.dart_packages.sign_in_with_apple.R$style
com.aboutyou.dart_packages.sign_in_with_apple.R$styleable
com.aboutyou.dart_packages.sign_in_with_apple.R$xml
com.aboutyou.dart_packages.sign_in_with_apple.R
com.aboutyou.dart_packages.sign_in_with_apple.SignInWithAppleCallback
com.aboutyou.dart_packages.sign_in_with_apple.SignInWithApplePlugin$Companion:
    public final io.flutter.plugin.common.MethodChannel$Result getLastAuthorizationRequestResult()
    public final kotlin.jvm.functions.Function0 getTriggerMainActivityToHideChromeCustomTab()
    public final void registerWith(io.flutter.plugin.common.PluginRegistry$Registrar)
    public final void setLastAuthorizationRequestResult(io.flutter.plugin.common.MethodChannel$Result)
    public final void setTriggerMainActivityToHideChromeCustomTab(kotlin.jvm.functions.Function0)
com.aboutyou.dart_packages.sign_in_with_apple.SignInWithApplePlugin:
    public static final synthetic io.flutter.plugin.common.MethodChannel$Result access$getLastAuthorizationRequestResult$cp()
    public static final synthetic kotlin.jvm.functions.Function0 access$getTriggerMainActivityToHideChromeCustomTab$cp()
    public static final synthetic void access$setLastAuthorizationRequestResult$cp(io.flutter.plugin.common.MethodChannel$Result)
    public static final synthetic void access$setTriggerMainActivityToHideChromeCustomTab$cp(kotlin.jvm.functions.Function0)
    public final io.flutter.embedding.engine.plugins.activity.ActivityPluginBinding getBinding()
    public static final void registerWith(io.flutter.plugin.common.PluginRegistry$Registrar)
    public final void setBinding(io.flutter.embedding.engine.plugins.activity.ActivityPluginBinding)
com.aboutyou.dart_packages.sign_in_with_apple.SignInWithApplePluginKt
com.amolg.flutterbarcodescanner.BarcodeCaptureActivity:
    public static final java.lang.String BarcodeObject
    private static final int RC_HANDLE_CAMERA_PERM
    private static final int RC_HANDLE_GMS
com.amolg.flutterbarcodescanner.BarcodeGraphic:
    public void draw(android.graphics.Canvas)
    public int getId()
com.amolg.flutterbarcodescanner.BuildConfig
com.amolg.flutterbarcodescanner.FlutterBarcodeScannerPlugin:
    private static final java.lang.String CHANNEL
    private static final int RC_BARCODE_CAPTURE
    private void <init>(android.app.Activity,io.flutter.plugin.common.PluginRegistry$Registrar)
    public static void registerWith(io.flutter.plugin.common.PluginRegistry$Registrar)
com.amolg.flutterbarcodescanner.R$anim
com.amolg.flutterbarcodescanner.R$animator
com.amolg.flutterbarcodescanner.R$attr
com.amolg.flutterbarcodescanner.R$bool
com.amolg.flutterbarcodescanner.R$color
com.amolg.flutterbarcodescanner.R$dimen